17:27:08.585 [main] INFO  testCase.TC_001_AccountRegistration - **** starting TC_001_AccountRegistration ****
17:27:08.744 [main] INFO  testCase.TC_001_AccountRegistration - Cliked on my account link
17:27:09.811 [main] INFO  testCase.TC_001_AccountRegistration - Cliked onregister link
17:27:09.818 [main] INFO  testCase.TC_001_AccountRegistration - ****providing data to registreation form ****
17:27:10.822 [main] INFO  testCase.TC_001_AccountRegistration - Clicked on privacy policy
17:27:10.905 [main] INFO  testCase.TC_001_AccountRegistration - Clicked on countinue button 
17:27:14.342 [main] INFO  testCase.TC_001_AccountRegistration - Validate expected message
17:27:14.396 [main] INFO  testCase.TC_001_AccountRegistration - ****Test Completed*****
17:32:13.524 [main] DEBUG io.netty.util.internal.logging.InternalLoggerFactory - Using Log4J2 as the default logging framework
17:32:13.537 [main] DEBUG io.netty.util.ResourceLeakDetector - -Dio.netty.leakDetection.level: simple
17:32:13.538 [main] DEBUG io.netty.util.ResourceLeakDetector - -Dio.netty.leakDetection.targetRecords: 4
17:32:13.546 [main] DEBUG io.netty.util.ResourceLeakDetectorFactory - Loaded default ResourceLeakDetector: io.netty.util.ResourceLeakDetector@7048535f
17:32:13.576 [main] DEBUG io.netty.util.internal.PlatformDependent0 - -Dio.netty.noUnsafe: false
17:32:13.577 [main] DEBUG io.netty.util.internal.PlatformDependent0 - Java version: 11
17:32:13.578 [main] DEBUG io.netty.util.internal.PlatformDependent0 - sun.misc.Unsafe.theUnsafe: available
17:32:13.579 [main] DEBUG io.netty.util.internal.PlatformDependent0 - sun.misc.Unsafe.copyMemory: available
17:32:13.580 [main] DEBUG io.netty.util.internal.PlatformDependent0 - sun.misc.Unsafe.storeFence: available
17:32:13.581 [main] DEBUG io.netty.util.internal.PlatformDependent0 - java.nio.Buffer.address: available
17:32:13.582 [main] DEBUG io.netty.util.internal.PlatformDependent0 - direct buffer constructor: unavailable: Reflective setAccessible(true) disabled
17:32:13.583 [main] DEBUG io.netty.util.internal.PlatformDependent0 - java.nio.Bits.unaligned: available, true
17:32:13.586 [main] DEBUG io.netty.util.internal.PlatformDependent0 - jdk.internal.misc.Unsafe.allocateUninitializedArray(int): unavailable: class io.netty.util.internal.PlatformDependent0$7 cannot access class jdk.internal.misc.Unsafe (in module java.base) because module java.base does not export jdk.internal.misc to unnamed module @6be7bf6d
17:32:13.588 [main] DEBUG io.netty.util.internal.PlatformDependent0 - java.nio.DirectByteBuffer.<init>(long, int): unavailable
17:32:13.588 [main] DEBUG io.netty.util.internal.PlatformDependent - sun.misc.Unsafe: available
17:32:13.590 [main] DEBUG io.netty.util.internal.PlatformDependent - maxDirectMemory: 2116026368 bytes (maybe)
17:32:13.590 [main] DEBUG io.netty.util.internal.PlatformDependent - -Dio.netty.tmpdir: C:\Users\lovel\AppData\Local\Temp (java.io.tmpdir)
17:32:13.591 [main] DEBUG io.netty.util.internal.PlatformDependent - -Dio.netty.bitMode: 64 (sun.arch.data.model)
17:32:13.591 [main] DEBUG io.netty.util.internal.PlatformDependent - Platform: Windows
17:32:13.593 [main] DEBUG io.netty.util.internal.PlatformDependent - -Dio.netty.maxDirectMemory: -1 bytes
17:32:13.593 [main] DEBUG io.netty.util.internal.PlatformDependent - -Dio.netty.uninitializedArrayAllocationThreshold: -1
17:32:13.595 [main] DEBUG io.netty.util.internal.CleanerJava9 - java.nio.ByteBuffer.cleaner(): available
17:32:13.595 [main] DEBUG io.netty.util.internal.PlatformDependent - -Dio.netty.noPreferDirect: false
17:32:13.612 [main] DEBUG io.netty.util.internal.PlatformDependent - org.jctools-core.MpscChunkedArrayQueue: available
17:32:13.644 [main] DEBUG io.netty.util.internal.InternalThreadLocalMap - -Dio.netty.threadLocalMap.stringBuilder.initialSize: 1024
17:32:13.644 [main] DEBUG io.netty.util.internal.InternalThreadLocalMap - -Dio.netty.threadLocalMap.stringBuilder.maxSize: 4096
17:32:13.676 [main] DEBUG io.netty.handler.ssl.JdkSslContext - Default protocols (JDK): [TLSv1.3, TLSv1.2] 
17:32:13.676 [main] DEBUG io.netty.handler.ssl.JdkSslContext - Default cipher suites (JDK): [TLS_ECDHE_ECDSA_WITH_AES_256_GCM_SHA384, TLS_ECDHE_ECDSA_WITH_AES_128_GCM_SHA256, TLS_ECDHE_RSA_WITH_AES_128_GCM_SHA256, TLS_ECDHE_RSA_WITH_AES_256_GCM_SHA384, TLS_ECDHE_RSA_WITH_AES_128_CBC_SHA, TLS_ECDHE_RSA_WITH_AES_256_CBC_SHA, TLS_RSA_WITH_AES_128_GCM_SHA256, TLS_RSA_WITH_AES_128_CBC_SHA, TLS_RSA_WITH_AES_256_CBC_SHA, TLS_AES_128_GCM_SHA256, TLS_AES_256_GCM_SHA384]
17:32:13.712 [main] DEBUG io.netty.channel.MultithreadEventLoopGroup - -Dio.netty.eventLoopThreads: 8
17:32:13.723 [main] DEBUG io.netty.channel.nio.NioEventLoop - -Dio.netty.noKeySetOptimization: false
17:32:13.723 [main] DEBUG io.netty.channel.nio.NioEventLoop - -Dio.netty.selectorAutoRebuildThreshold: 512
17:32:13.791 [main] DEBUG io.netty.buffer.PooledByteBufAllocator - -Dio.netty.allocator.numHeapArenas: 8
17:32:13.791 [main] DEBUG io.netty.buffer.PooledByteBufAllocator - -Dio.netty.allocator.numDirectArenas: 8
17:32:13.792 [main] DEBUG io.netty.buffer.PooledByteBufAllocator - -Dio.netty.allocator.pageSize: 8192
17:32:13.792 [main] DEBUG io.netty.buffer.PooledByteBufAllocator - -Dio.netty.allocator.maxOrder: 9
17:32:13.792 [main] DEBUG io.netty.buffer.PooledByteBufAllocator - -Dio.netty.allocator.chunkSize: 4194304
17:32:13.792 [main] DEBUG io.netty.buffer.PooledByteBufAllocator - -Dio.netty.allocator.smallCacheSize: 256
17:32:13.792 [main] DEBUG io.netty.buffer.PooledByteBufAllocator - -Dio.netty.allocator.normalCacheSize: 64
17:32:13.792 [main] DEBUG io.netty.buffer.PooledByteBufAllocator - -Dio.netty.allocator.maxCachedBufferCapacity: 32768
17:32:13.792 [main] DEBUG io.netty.buffer.PooledByteBufAllocator - -Dio.netty.allocator.cacheTrimInterval: 8192
17:32:13.792 [main] DEBUG io.netty.buffer.PooledByteBufAllocator - -Dio.netty.allocator.cacheTrimIntervalMillis: 0
17:32:13.792 [main] DEBUG io.netty.buffer.PooledByteBufAllocator - -Dio.netty.allocator.useCacheForAllThreads: false
17:32:13.792 [main] DEBUG io.netty.buffer.PooledByteBufAllocator - -Dio.netty.allocator.maxCachedByteBuffersPerChunk: 1023
17:32:13.805 [main] DEBUG io.netty.buffer.ByteBufUtil - -Dio.netty.allocator.type: pooled
17:32:13.805 [main] DEBUG io.netty.buffer.ByteBufUtil - -Dio.netty.threadLocalDirectBufferSize: 0
17:32:13.805 [main] DEBUG io.netty.buffer.ByteBufUtil - -Dio.netty.maxThreadLocalCharBufferSize: 16384
17:32:14.316 [Forwarding newSession on session null to remote] DEBUG io.netty.channel.DefaultChannelId - -Dio.netty.processId: 7664 (auto-detected)
17:32:14.319 [Forwarding newSession on session null to remote] DEBUG io.netty.util.NetUtil - -Djava.net.preferIPv4Stack: false
17:32:14.319 [Forwarding newSession on session null to remote] DEBUG io.netty.util.NetUtil - -Djava.net.preferIPv6Addresses: false
17:32:14.582 [Forwarding newSession on session null to remote] DEBUG io.netty.util.NetUtilInitializations - Loopback interface: lo (Software Loopback Interface 1, 127.0.0.1)
17:32:14.583 [Forwarding newSession on session null to remote] DEBUG io.netty.util.NetUtil - Failed to get SOMAXCONN from sysctl and file \proc\sys\net\core\somaxconn. Default: 200
17:32:14.610 [Forwarding newSession on session null to remote] DEBUG io.netty.channel.DefaultChannelId - -Dio.netty.machineId: a4:17:31:ff:fe:dd:7a:ed (auto-detected)
17:32:14.703 [AsyncHttpClient-1-2] DEBUG io.netty.buffer.AbstractByteBuf - -Dio.netty.buffer.checkAccessible: true
17:32:14.704 [AsyncHttpClient-1-2] DEBUG io.netty.buffer.AbstractByteBuf - -Dio.netty.buffer.checkBounds: true
17:32:14.704 [AsyncHttpClient-1-2] DEBUG io.netty.util.ResourceLeakDetectorFactory - Loaded default ResourceLeakDetector: io.netty.util.ResourceLeakDetector@34be171a
17:32:14.736 [AsyncHttpClient-1-2] DEBUG io.netty.util.Recycler - -Dio.netty.recycler.maxCapacityPerThread: 4096
17:32:14.737 [AsyncHttpClient-1-2] DEBUG io.netty.util.Recycler - -Dio.netty.recycler.ratio: 8
17:32:14.737 [AsyncHttpClient-1-2] DEBUG io.netty.util.Recycler - -Dio.netty.recycler.chunkSize: 32
17:32:14.737 [AsyncHttpClient-1-2] DEBUG io.netty.util.Recycler - -Dio.netty.recycler.blocking: false
17:32:15.873 [AsyncHttpClient-1-2] DEBUG io.netty.handler.codec.compression.Brotli - brotli4j not in the classpath; Brotli support will be unavailable.
17:32:16.070 [main] DEBUG io.netty.util.internal.ThreadLocalRandom - -Dio.netty.initialSeedUniquifier: 0x927767737ef9c752
17:32:19.844 [main] DEBUG testCase.TC_001_AccountRegistration - Application logs 
17:32:19.844 [main] INFO  testCase.TC_001_AccountRegistration - **** starting TC_001_AccountRegistration ****
17:32:20.019 [main] INFO  testCase.TC_001_AccountRegistration - Clciked on my account link
17:32:20.655 [main] INFO  testCase.TC_001_AccountRegistration - Clicked onregister link
17:32:20.660 [main] INFO  testCase.TC_001_AccountRegistration - ****providing data to registreation form ****
17:32:21.353 [main] INFO  testCase.TC_001_AccountRegistration - Clicked on privacy policy
17:32:21.440 [main] INFO  testCase.TC_001_AccountRegistration - Clicked on countinue button 
17:32:24.427 [main] INFO  testCase.TC_001_AccountRegistration - Validate expected message
17:32:24.478 [main] INFO  testCase.TC_001_AccountRegistration - ****Test Completed*****
23:36:09.681 [TestNG-tests-1] INFO  testCase.TC_001_AccountRegistration - **** starting TC_001_AccountRegistration ****
23:36:10.563 [TestNG-tests-1] INFO  testCase.TC_001_AccountRegistration - Clciked on my account link
23:36:13.452 [TestNG-tests-1] INFO  testCase.TC_001_AccountRegistration - Clicked onregister link
23:36:13.459 [TestNG-tests-1] INFO  testCase.TC_001_AccountRegistration - ****providing data to registreation form ****
23:36:15.135 [TestNG-tests-1] INFO  testCase.TC_001_AccountRegistration - Clicked on privacy policy
23:36:15.338 [TestNG-tests-1] INFO  testCase.TC_001_AccountRegistration - Clicked on countinue button 
23:36:17.251 [TestNG-tests-3] INFO  testCase.TC_001_AccountRegistration - **** starting TC_001_AccountRegistration ****
23:36:22.220 [TestNG-tests-3] INFO  testCase.TC_001_AccountRegistration - Clciked on my account link
23:36:23.624 [TestNG-tests-1] INFO  testCase.TC_001_AccountRegistration - Validate expected message
23:36:23.745 [TestNG-tests-1] INFO  testCase.TC_001_AccountRegistration - ****Test Completed*****
23:36:23.894 [TestNG-tests-3] INFO  testCase.TC_001_AccountRegistration - Clicked onregister link
23:36:23.902 [TestNG-tests-3] INFO  testCase.TC_001_AccountRegistration - ****providing data to registreation form ****
23:36:24.902 [TestNG-tests-3] INFO  testCase.TC_001_AccountRegistration - Clicked on privacy policy
23:36:25.154 [TestNG-tests-3] INFO  testCase.TC_001_AccountRegistration - Clicked on countinue button 
23:36:28.072 [TestNG-tests-3] INFO  testCase.TC_001_AccountRegistration - Validate expected message
23:36:28.156 [TestNG-tests-3] INFO  testCase.TC_001_AccountRegistration - ****Test Completed*****
23:40:23.574 [main] INFO  testCase.TC_001_AccountRegistration - **** starting TC_001_AccountRegistration ****
23:40:23.781 [main] INFO  testCase.TC_001_AccountRegistration - Clciked on my account link
23:40:24.680 [main] INFO  testCase.TC_001_AccountRegistration - Clicked onregister link
23:40:24.745 [main] INFO  testCase.TC_001_AccountRegistration - ****providing data to registreation form ****
23:40:25.473 [main] INFO  testCase.TC_001_AccountRegistration - Clicked on privacy policy
23:40:25.558 [main] INFO  testCase.TC_001_AccountRegistration - Clicked on countinue button 
23:40:28.401 [main] INFO  testCase.TC_001_AccountRegistration - Validate expected message
23:40:28.453 [main] INFO  testCase.TC_001_AccountRegistration - ****Test Completed*****
23:41:18.501 [TestNG-tests-1] INFO  testCase.TC_001_AccountRegistration - **** starting TC_001_AccountRegistration ****
23:41:18.906 [TestNG-tests-1] INFO  testCase.TC_001_AccountRegistration - Clciked on my account link
23:41:20.510 [TestNG-tests-1] INFO  testCase.TC_001_AccountRegistration - Clicked onregister link
23:41:20.555 [TestNG-tests-1] INFO  testCase.TC_001_AccountRegistration - ****providing data to registreation form ****
23:41:21.329 [TestNG-tests-1] INFO  testCase.TC_001_AccountRegistration - Clicked on privacy policy
23:41:21.423 [TestNG-tests-1] INFO  testCase.TC_001_AccountRegistration - Clicked on countinue button 
23:41:26.033 [TestNG-tests-1] INFO  testCase.TC_001_AccountRegistration - Validate expected message
23:41:26.381 [TestNG-tests-1] INFO  testCase.TC_001_AccountRegistration - ****Test Completed*****
23:41:27.331 [TestNG-tests-2] INFO  testCase.TC_001_AccountRegistration - **** starting TC_001_AccountRegistration ****
23:41:28.066 [TestNG-tests-2] INFO  testCase.TC_001_AccountRegistration - Clciked on my account link
23:41:29.359 [TestNG-tests-2] INFO  testCase.TC_001_AccountRegistration - Clicked onregister link
23:41:29.363 [TestNG-tests-2] INFO  testCase.TC_001_AccountRegistration - ****providing data to registreation form ****
23:41:30.026 [TestNG-tests-2] INFO  testCase.TC_001_AccountRegistration - Clicked on privacy policy
23:41:30.291 [TestNG-tests-2] INFO  testCase.TC_001_AccountRegistration - Clicked on countinue button 
23:41:33.962 [TestNG-tests-2] INFO  testCase.TC_001_AccountRegistration - Validate expected message
23:41:34.012 [TestNG-tests-2] INFO  testCase.TC_001_AccountRegistration - ****Test Completed*****
23:42:34.124 [TestNG-tests-1] INFO  testCase.TC_001_AccountRegistration - **** starting TC_001_AccountRegistration ****
23:42:34.563 [TestNG-tests-1] INFO  testCase.TC_001_AccountRegistration - Clciked on my account link
23:42:36.128 [TestNG-tests-1] INFO  testCase.TC_001_AccountRegistration - Clicked onregister link
23:42:36.135 [TestNG-tests-1] INFO  testCase.TC_001_AccountRegistration - ****providing data to registreation form ****
23:42:37.178 [TestNG-tests-1] INFO  testCase.TC_001_AccountRegistration - Clicked on privacy policy
23:42:37.270 [TestNG-tests-1] INFO  testCase.TC_001_AccountRegistration - Clicked on countinue button 
23:42:42.370 [TestNG-tests-1] INFO  testCase.TC_001_AccountRegistration - Validate expected message
23:42:42.457 [TestNG-tests-2] INFO  testCase.TC_001_AccountRegistration - **** starting TC_001_AccountRegistration ****
23:42:42.486 [TestNG-tests-1] INFO  testCase.TC_001_AccountRegistration - ****Test Completed*****
23:42:42.838 [TestNG-tests-2] INFO  testCase.TC_001_AccountRegistration - Clciked on my account link
23:42:44.080 [TestNG-tests-2] INFO  testCase.TC_001_AccountRegistration - Clicked onregister link
23:42:44.084 [TestNG-tests-2] INFO  testCase.TC_001_AccountRegistration - ****providing data to registreation form ****
23:42:44.367 [TestNG-tests-2] INFO  testCase.TC_001_AccountRegistration - Clicked on privacy policy
23:42:44.596 [TestNG-tests-2] INFO  testCase.TC_001_AccountRegistration - Clicked on countinue button 
23:42:47.846 [TestNG-tests-2] INFO  testCase.TC_001_AccountRegistration - Validate expected message
23:42:47.893 [TestNG-tests-2] INFO  testCase.TC_001_AccountRegistration - ****Test Completed*****
16:32:37.281 [main] INFO  testCase.TC_001_AccountRegistration - **** starting TC_001_AccountRegistration ****
16:32:37.412 [main] INFO  testCase.TC_001_AccountRegistration - Clciked on my account link
16:32:38.874 [main] INFO  testCase.TC_001_AccountRegistration - Clicked onregister link
16:32:38.881 [main] INFO  testCase.TC_001_AccountRegistration - ****providing data to registreation form ****
16:32:39.626 [main] INFO  testCase.TC_001_AccountRegistration - Clicked on privacy policy
16:32:39.707 [main] INFO  testCase.TC_001_AccountRegistration - Clicked on countinue button 
16:32:43.794 [main] INFO  testCase.TC_001_AccountRegistration - Validate expected message
16:32:43.844 [main] INFO  testCase.TC_001_AccountRegistration - ****Test Completed*****
18:09:27.158 [main] INFO  testCase.TC_001_AccountRegistration - **** starting TC_001_AccountRegistration ****
18:09:37.341 [main] ERROR testCase.TC_001_AccountRegistration - test failed
18:11:45.651 [main] INFO  testCase.TC_001_AccountRegistration - **** starting TC_001_AccountRegistration ****
18:11:45.825 [main] INFO  testCase.TC_001_AccountRegistration - Clciked on my account link
18:11:46.541 [main] INFO  testCase.TC_001_AccountRegistration - Clicked onregister link
18:11:46.547 [main] INFO  testCase.TC_001_AccountRegistration - ****providing data to registreation form ****
18:11:47.406 [main] INFO  testCase.TC_001_AccountRegistration - Clicked on privacy policy
18:11:47.512 [main] INFO  testCase.TC_001_AccountRegistration - Clicked on countinue button 
18:11:50.258 [main] INFO  testCase.TC_001_AccountRegistration - Validate expected message
18:11:50.313 [main] INFO  testCase.TC_001_AccountRegistration - ****Test Completed*****
18:15:54.281 [main] INFO  testCase.TC_001_AccountRegistration - **** starting TC_001_AccountRegistration ****
18:15:54.502 [main] INFO  testCase.TC_001_AccountRegistration - Clciked on my account link
18:15:56.415 [main] INFO  testCase.TC_001_AccountRegistration - Clicked onregister link
18:15:56.421 [main] INFO  testCase.TC_001_AccountRegistration - ****providing data to registreation form ****
18:15:57.059 [main] INFO  testCase.TC_001_AccountRegistration - Clicked on privacy policy
18:15:57.135 [main] INFO  testCase.TC_001_AccountRegistration - Clicked on countinue button 
18:15:58.155 [main] INFO  testCase.TC_001_AccountRegistration - Validate expected message
01:05:31.577 [main] INFO  testCase.TC_002_LoginTest - *** starting TC_002_LoginTest ****** 
01:05:33.798 [main] INFO  testCase.TC_002_LoginTest - *** Complete TC_002_LoginTest ******
23:30:49.027 [main] INFO  testCase.TC_002_LoginTest - *** starting TC_002_LoginTest ****** 
23:30:49.379 [main] INFO  testCase.TC_002_LoginTest - Clicked in Login Btn
23:30:53.927 [main] INFO  testCase.TC_002_LoginTest - Clicked in LogOut Btn
23:30:55.122 [main] INFO  testCase.TC_002_LoginTest - *** Complete TC_002_LoginTest ******
20:09:38.075 [TestNG-tests-2] INFO  testCase.TC_001_AccountRegistration - **** starting TC_001_AccountRegistration ****
20:09:49.782 [TestNG-tests-2] INFO  testCase.TC_001_AccountRegistration - Clciked on my account link
20:09:52.868 [TestNG-tests-2] INFO  testCase.TC_001_AccountRegistration - Clicked onregister link
20:09:52.955 [TestNG-tests-2] INFO  testCase.TC_001_AccountRegistration - ****providing data to registreation form ****
20:09:54.181 [TestNG-tests-2] INFO  testCase.TC_001_AccountRegistration - Clicked on privacy policy
20:09:54.444 [TestNG-tests-2] INFO  testCase.TC_001_AccountRegistration - Clicked on countinue button 
20:09:55.928 [TestNG-tests-2] INFO  testCase.TC_001_AccountRegistration - Validate expected message
20:21:22.915 [TestNG-tests-2] INFO  testCase.TC_001_AccountRegistration - **** starting TC_001_AccountRegistration ****
20:21:23.313 [TestNG-tests-2] INFO  testCase.TC_001_AccountRegistration - Clciked on my account link
20:21:24.943 [TestNG-tests-2] INFO  testCase.TC_001_AccountRegistration - Clicked onregister link
20:21:24.954 [TestNG-tests-2] INFO  testCase.TC_001_AccountRegistration - ****providing data to registreation form ****
20:21:25.304 [TestNG-tests-2] INFO  testCase.TC_001_AccountRegistration - Clicked on privacy policy
20:21:25.550 [TestNG-tests-2] INFO  testCase.TC_001_AccountRegistration - Clicked on countinue button 
20:21:27.149 [TestNG-tests-2] INFO  testCase.TC_001_AccountRegistration - Validate expected message
20:24:52.768 [TestNG-tests-2] INFO  testCase.TC_001_AccountRegistration - **** starting TC_001_AccountRegistration ****
20:24:53.295 [TestNG-tests-2] INFO  testCase.TC_001_AccountRegistration - Clciked on my account link
20:24:54.975 [TestNG-tests-2] INFO  testCase.TC_001_AccountRegistration - Clicked onregister link
20:24:55.009 [TestNG-tests-2] INFO  testCase.TC_001_AccountRegistration - ****providing data to registreation form ****
20:24:55.370 [TestNG-tests-2] INFO  testCase.TC_001_AccountRegistration - Clicked on privacy policy
20:24:55.629 [TestNG-tests-2] INFO  testCase.TC_001_AccountRegistration - Clicked on countinue button 
20:24:57.413 [TestNG-tests-2] INFO  testCase.TC_001_AccountRegistration - Validate expected message
20:34:58.367 [TestNG-tests-2] INFO  testCase.TC_001_AccountRegistration - **** starting TC_001_AccountRegistration ****
20:34:58.746 [TestNG-tests-2] INFO  testCase.TC_001_AccountRegistration - Clciked on my account link
20:35:00.303 [TestNG-tests-2] INFO  testCase.TC_001_AccountRegistration - Clicked onregister link
20:35:00.313 [TestNG-tests-2] INFO  testCase.TC_001_AccountRegistration - ****providing data to registreation form ****
20:35:00.741 [TestNG-tests-2] INFO  testCase.TC_001_AccountRegistration - Clicked on privacy policy
20:35:01.007 [TestNG-tests-2] INFO  testCase.TC_001_AccountRegistration - Clicked on countinue button 
20:35:06.336 [TestNG-tests-2] INFO  testCase.TC_001_AccountRegistration - Validate expected message
20:35:07.586 [TestNG-tests-2] INFO  testCase.TC_001_AccountRegistration - ****Test Completed*****
20:51:22.583 [main] INFO  testCase.TC_001_AccountRegistration - **** starting TC_001_AccountRegistration ****
20:51:23.185 [main] INFO  testCase.TC_001_AccountRegistration - Clciked on my account link
20:51:24.461 [main] INFO  testCase.TC_001_AccountRegistration - Clicked onregister link
20:51:24.468 [main] INFO  testCase.TC_001_AccountRegistration - ****providing data to registreation form ****
20:51:24.889 [main] INFO  testCase.TC_001_AccountRegistration - Clicked on privacy policy
20:51:25.140 [main] INFO  testCase.TC_001_AccountRegistration - Clicked on countinue button 
20:51:29.099 [main] INFO  testCase.TC_001_AccountRegistration - Validate expected message
20:51:29.159 [main] INFO  testCase.TC_001_AccountRegistration - ****Test Completed*****
20:52:45.470 [main] INFO  testCase.TC_001_AccountRegistration - **** starting TC_001_AccountRegistration ****
20:52:45.628 [main] INFO  testCase.TC_001_AccountRegistration - Clciked on my account link
20:52:47.639 [main] INFO  testCase.TC_001_AccountRegistration - Clicked onregister link
20:52:47.644 [main] INFO  testCase.TC_001_AccountRegistration - ****providing data to registreation form ****
20:52:48.628 [main] INFO  testCase.TC_001_AccountRegistration - Clicked on privacy policy
20:52:48.701 [main] INFO  testCase.TC_001_AccountRegistration - Clicked on countinue button 
20:52:52.517 [main] INFO  testCase.TC_001_AccountRegistration - Validate expected message
20:52:52.565 [main] INFO  testCase.TC_001_AccountRegistration - ****Test Completed*****
20:55:39.882 [main] INFO  testCase.TC_001_AccountRegistration - **** starting TC_001_AccountRegistration ****
20:55:40.199 [main] INFO  testCase.TC_001_AccountRegistration - Clciked on my account link
20:55:41.951 [main] INFO  testCase.TC_001_AccountRegistration - Clicked onregister link
20:55:41.955 [main] INFO  testCase.TC_001_AccountRegistration - ****providing data to registreation form ****
20:55:43.004 [main] INFO  testCase.TC_001_AccountRegistration - Clicked on privacy policy
20:55:43.105 [main] INFO  testCase.TC_001_AccountRegistration - Clicked on countinue button 
20:55:46.535 [main] INFO  testCase.TC_001_AccountRegistration - Validate expected message
20:55:46.608 [main] INFO  testCase.TC_001_AccountRegistration - ****Test Completed*****
20:55:55.167 [main] INFO  testCase.TC_002_LoginTest - *** starting TC_002_LoginTest ****** 
20:55:55.298 [main] INFO  testCase.TC_002_LoginTest - Clicked in Login Btn
20:55:59.543 [main] INFO  testCase.TC_002_LoginTest - Clicked in LogOut Btn
20:56:01.134 [main] INFO  testCase.TC_002_LoginTest - *** Complete TC_002_LoginTest ******
21:09:49.114 [main] INFO  testCase.TC_001_AccountRegistration - **** starting TC_001_AccountRegistration ****
21:09:49.602 [main] INFO  testCase.TC_001_AccountRegistration - Clciked on my account link
21:09:50.966 [main] INFO  testCase.TC_001_AccountRegistration - Clicked onregister link
21:09:50.971 [main] INFO  testCase.TC_001_AccountRegistration - ****providing data to registreation form ****
21:09:51.395 [main] INFO  testCase.TC_001_AccountRegistration - Clicked on privacy policy
21:09:51.648 [main] INFO  testCase.TC_001_AccountRegistration - Clicked on countinue button 
21:09:55.321 [main] INFO  testCase.TC_001_AccountRegistration - Validate expected message
21:09:55.374 [main] INFO  testCase.TC_001_AccountRegistration - ****Test Completed*****
21:10:08.001 [main] INFO  testCase.TC_002_LoginTest - *** starting TC_002_LoginTest ****** 
21:10:08.499 [main] INFO  testCase.TC_002_LoginTest - Clicked in Login Btn
21:10:11.751 [main] INFO  testCase.TC_002_LoginTest - Clicked in LogOut Btn
21:10:13.284 [main] INFO  testCase.TC_002_LoginTest - *** Complete TC_002_LoginTest ******
00:09:37.251 [main] INFO  testCase.TC_001_AccountRegistration - **** starting TC_001_AccountRegistration ****
00:09:37.930 [main] INFO  testCase.TC_001_AccountRegistration - Clciked on my account link
00:09:39.162 [main] INFO  testCase.TC_001_AccountRegistration - Clicked onregister link
00:09:39.167 [main] INFO  testCase.TC_001_AccountRegistration - ****providing data to registreation form ****
00:09:39.622 [main] INFO  testCase.TC_001_AccountRegistration - Clicked on privacy policy
00:09:39.875 [main] INFO  testCase.TC_001_AccountRegistration - Clicked on countinue button 
00:09:43.687 [main] INFO  testCase.TC_001_AccountRegistration - Validate expected message
00:09:43.763 [main] INFO  testCase.TC_001_AccountRegistration - ****Test Completed*****
00:10:00.301 [main] INFO  testCase.TC_002_LoginTest - *** starting TC_002_LoginTest ****** 
00:10:00.736 [main] INFO  testCase.TC_002_LoginTest - Clicked in Login Btn
00:10:03.960 [main] INFO  testCase.TC_002_LoginTest - Clicked in LogOut Btn
00:10:05.129 [main] INFO  testCase.TC_002_LoginTest - *** Complete TC_002_LoginTest ******
01:03:44.827 [main] INFO  testCase.TC_001_AccountRegistration - **** starting TC_001_AccountRegistration ****
01:03:45.838 [main] INFO  testCase.TC_001_AccountRegistration - Clciked on my account link
01:03:47.079 [main] INFO  testCase.TC_001_AccountRegistration - Clicked onregister link
01:03:47.084 [main] INFO  testCase.TC_001_AccountRegistration - ****providing data to registreation form ****
01:03:47.529 [main] INFO  testCase.TC_001_AccountRegistration - Clicked on privacy policy
01:03:47.775 [main] INFO  testCase.TC_001_AccountRegistration - Clicked on countinue button 
01:03:50.829 [main] INFO  testCase.TC_001_AccountRegistration - Validate expected message
01:03:50.882 [main] INFO  testCase.TC_001_AccountRegistration - ****Test Completed*****
01:04:04.634 [main] INFO  testCase.TC_002_LoginTest - *** starting TC_002_LoginTest ****** 
01:04:05.220 [main] INFO  testCase.TC_002_LoginTest - Clicked in Login Btn
01:06:03.770 [main] INFO  testCase.TC_002_LoginTest - *** starting TC_002_LoginTest ****** 
01:06:04.264 [main] INFO  testCase.TC_002_LoginTest - Clicked in Login Btn
01:06:07.587 [main] INFO  testCase.TC_002_LoginTest - Clicked in LogOut Btn
01:06:08.919 [main] INFO  testCase.TC_002_LoginTest - *** Complete TC_002_LoginTest ******
14:14:55.404 [main] INFO  testCase.TC_001_AccountRegistration - **** starting TC_001_AccountRegistration ****
14:14:56.999 [main] INFO  testCase.TC_001_AccountRegistration - Clciked on my account link
14:14:58.764 [main] INFO  testCase.TC_001_AccountRegistration - Clicked onregister link
14:14:58.769 [main] INFO  testCase.TC_001_AccountRegistration - ****providing data to registreation form ****
14:14:59.584 [main] INFO  testCase.TC_001_AccountRegistration - Clicked on privacy policy
14:14:59.864 [main] INFO  testCase.TC_001_AccountRegistration - Clicked on countinue button 
14:15:03.569 [main] INFO  testCase.TC_001_AccountRegistration - Validate expected message
14:15:03.773 [main] INFO  testCase.TC_001_AccountRegistration - ****Test Completed*****
14:15:18.872 [main] INFO  testCase.TC_002_LoginTest - *** starting TC_002_LoginTest ****** 
14:15:19.314 [main] INFO  testCase.TC_002_LoginTest - Clicked in Login Btn
14:15:23.528 [main] INFO  testCase.TC_002_LoginTest - Clicked in LogOut Btn
14:15:24.932 [main] INFO  testCase.TC_002_LoginTest - *** Complete TC_002_LoginTest ******
14:43:07.989 [main] INFO  testCase.TC_001_AccountRegistration - **** starting TC_001_AccountRegistration ****
14:43:08.414 [main] INFO  testCase.TC_001_AccountRegistration - Clciked on my account link
14:43:12.910 [main] INFO  testCase.TC_001_AccountRegistration - Clicked onregister link
14:43:13.086 [main] INFO  testCase.TC_001_AccountRegistration - ****providing data to registreation form ****
14:43:15.121 [main] INFO  testCase.TC_001_AccountRegistration - Clicked on privacy policy
14:43:15.360 [main] INFO  testCase.TC_001_AccountRegistration - Clicked on countinue button 
14:43:21.151 [main] INFO  testCase.TC_001_AccountRegistration - Validate expected message
14:43:21.523 [main] INFO  testCase.TC_001_AccountRegistration - ****Test Completed*****
14:43:41.018 [main] INFO  testCase.TC_002_LoginTest - *** starting TC_002_LoginTest ****** 
14:43:41.351 [main] INFO  testCase.TC_002_LoginTest - Clicked in Login Btn
14:43:46.595 [main] INFO  testCase.TC_002_LoginTest - Clicked in LogOut Btn
14:43:48.154 [main] INFO  testCase.TC_002_LoginTest - *** Complete TC_002_LoginTest ******
16:12:18.817 [main] INFO  testCase.TC_001_AccountRegistration - **** starting TC_001_AccountRegistration ****
16:12:19.408 [main] INFO  testCase.TC_001_AccountRegistration - Clciked on my account link
16:12:20.524 [main] INFO  testCase.TC_001_AccountRegistration - Clicked onregister link
16:12:20.529 [main] INFO  testCase.TC_001_AccountRegistration - ****providing data to registreation form ****
16:12:20.939 [main] INFO  testCase.TC_001_AccountRegistration - Clicked on privacy policy
16:12:21.181 [main] INFO  testCase.TC_001_AccountRegistration - Clicked on countinue button 
16:12:26.010 [main] INFO  testCase.TC_001_AccountRegistration - Validate expected message
16:12:26.078 [main] INFO  testCase.TC_001_AccountRegistration - ****Test Completed*****
16:12:40.852 [main] INFO  testCase.TC_002_LoginTest - *** starting TC_002_LoginTest ****** 
16:12:41.333 [main] INFO  testCase.TC_002_LoginTest - Clicked in Login Btn
16:12:44.146 [main] INFO  testCase.TC_002_LoginTest - Clicked in LogOut Btn
16:12:45.370 [main] INFO  testCase.TC_002_LoginTest - *** Complete TC_002_LoginTest ******
16:33:54.753 [main] INFO  testCase.TC_001_AccountRegistration - **** starting TC_001_AccountRegistration ****
16:33:55.557 [main] INFO  testCase.TC_001_AccountRegistration - Clciked on my account link
16:33:57.195 [main] INFO  testCase.TC_001_AccountRegistration - Clicked onregister link
16:33:57.200 [main] INFO  testCase.TC_001_AccountRegistration - ****providing data to registreation form ****
16:33:57.700 [main] INFO  testCase.TC_001_AccountRegistration - Clicked on privacy policy
16:33:57.943 [main] INFO  testCase.TC_001_AccountRegistration - Clicked on countinue button 
16:34:01.224 [main] INFO  testCase.TC_001_AccountRegistration - Validate expected message
16:34:01.291 [main] INFO  testCase.TC_001_AccountRegistration - ****Test Completed*****
16:34:14.750 [main] INFO  testCase.TC_002_LoginTest - *** starting TC_002_LoginTest ****** 
16:34:15.220 [main] INFO  testCase.TC_002_LoginTest - Clicked in Login Btn
16:34:17.931 [main] INFO  testCase.TC_002_LoginTest - Clicked in LogOut Btn
16:34:19.002 [main] INFO  testCase.TC_002_LoginTest - *** Complete TC_002_LoginTest ******
18:33:27.929 [main] INFO  testCase.TC_001_AccountRegistration - **** starting TC_001_AccountRegistration ****
18:33:29.436 [main] INFO  testCase.TC_001_AccountRegistration - Clciked on my account link
18:33:32.080 [main] INFO  testCase.TC_001_AccountRegistration - Clicked onregister link
18:33:32.118 [main] INFO  testCase.TC_001_AccountRegistration - ****providing data to registreation form ****
18:33:32.822 [main] INFO  testCase.TC_001_AccountRegistration - Clicked on privacy policy
18:33:33.072 [main] INFO  testCase.TC_001_AccountRegistration - Clicked on countinue button 
18:33:37.443 [main] INFO  testCase.TC_001_AccountRegistration - Validate expected message
18:33:37.635 [main] INFO  testCase.TC_001_AccountRegistration - ****Test Completed*****
18:33:53.488 [main] INFO  testCase.TC_002_LoginTest - *** starting TC_002_LoginTest ****** 
18:33:53.951 [main] INFO  testCase.TC_002_LoginTest - Clicked in Login Btn
18:33:57.497 [main] INFO  testCase.TC_002_LoginTest - Clicked in LogOut Btn
18:33:58.796 [main] INFO  testCase.TC_002_LoginTest - *** Complete TC_002_LoginTest ******
18:36:56.050 [main] INFO  testCase.TC_001_AccountRegistration - **** starting TC_001_AccountRegistration ****
18:36:56.562 [main] INFO  testCase.TC_001_AccountRegistration - Clciked on my account link
18:36:57.626 [main] INFO  testCase.TC_001_AccountRegistration - Clicked onregister link
18:36:57.630 [main] INFO  testCase.TC_001_AccountRegistration - ****providing data to registreation form ****
18:36:58.147 [main] INFO  testCase.TC_001_AccountRegistration - Clicked on privacy policy
18:36:58.380 [main] INFO  testCase.TC_001_AccountRegistration - Clicked on countinue button 
18:37:01.912 [main] INFO  testCase.TC_001_AccountRegistration - Validate expected message
18:37:01.969 [main] INFO  testCase.TC_001_AccountRegistration - ****Test Completed*****
18:37:14.906 [main] INFO  testCase.TC_002_LoginTest - *** starting TC_002_LoginTest ****** 
18:37:15.265 [main] INFO  testCase.TC_002_LoginTest - Clicked in Login Btn
18:37:17.308 [main] INFO  testCase.TC_002_LoginTest - Clicked in LogOut Btn
18:37:18.402 [main] INFO  testCase.TC_002_LoginTest - *** Complete TC_002_LoginTest ******
